2020-12-03 23:41:04.079  INFO 19059 --- [restartedMain] com.example.smsdrw.SmsDrwApplication     : Starting SmsDrwApplication on Pannaporns-MBP.ST-244F with PID 19059 (/Users/pannaporn/Documents/InnoLab/sale-solution/target/classes started by pannaporn in /Users/pannaporn/Documents/InnoLab/sale-solution)
2020-12-03 23:41:04.081  INFO 19059 --- [restartedMain] com.example.smsdrw.SmsDrwApplication     : No active profile set, falling back to default profiles: default
2020-12-03 23:41:04.120  INFO 19059 --- [restartedMain] o.s.b.devtools.restart.ChangeableUrls    : The Class-Path manifest attribute in /Users/pannaporn/.m2/repository/com/oracle/ojdbc/orai18n/19.3.0.0/orai18n-19.3.0.0.jar referenced one or more files that do not exist: file:/Users/pannaporn/.m2/repository/com/oracle/ojdbc/orai18n/19.3.0.0/orai18n-mapping.jar,file:/Users/pannaporn/.m2/repository/com/oracle/ojdbc/orai18n/19.3.0.0/orai18n-utility.jar,file:/Users/pannaporn/.m2/repository/com/oracle/ojdbc/orai18n/19.3.0.0/orai18n-collation.jar,file:/Users/pannaporn/.m2/repository/com/oracle/ojdbc/orai18n/19.3.0.0/orai18n-translation.jar,file:/Users/pannaporn/.m2/repository/com/oracle/ojdbc/orai18n/19.3.0.0/orai18n-net.jar,file:/Users/pannaporn/.m2/repository/com/oracle/ojdbc/orai18n/19.3.0.0/orai18n-servlet.jar,file:/Users/pannaporn/.m2/repository/com/oracle/ojdbc/orai18n/19.3.0.0/orai18n-lcsd.jar,file:/Users/pannaporn/.m2/repository/com/oracle/ojdbc/orai18n/19.3.0.0/orai18n-tools.jar,file:/Users/pannaporn/.m2/repository/com/oracle/ojdbc/orai18n/19.3.0.0/gdk_custom.jar
2020-12-03 23:41:04.121  INFO 19059 --- [restartedMain] o.s.b.devtools.restart.ChangeableUrls    : The Class-Path manifest attribute in /Users/pannaporn/.m2/repository/com/oracle/database/jdbc/ojdbc8/19.3.0.0/ojdbc8-19.3.0.0.jar referenced one or more files that do not exist: file:/Users/pannaporn/.m2/repository/com/oracle/database/jdbc/ojdbc8/19.3.0.0/oraclepki.jar
2020-12-03 23:41:04.121  INFO 19059 --- [restartedMain] o.s.b.devtools.restart.ChangeableUrls    : The Class-Path manifest attribute in /Users/pannaporn/.m2/repository/com/oracle/database/security/oraclepki/19.3.0.0/oraclepki-19.3.0.0.jar referenced one or more files that do not exist: file:/Users/pannaporn/.m2/repository/com/oracle/database/security/oraclepki/19.3.0.0/osdt_core.jar,file:/Users/pannaporn/.m2/repository/com/oracle/database/security/oraclepki/19.3.0.0/osdt_cert.jar,file:/Users/pannaporn/.m2/repository/com/oracle/database/security/oraclepki/oracle.osdt/osdt_core.jar,file:/Users/pannaporn/.m2/repository/com/oracle/database/security/oraclepki/oracle.osdt/osdt_cert.jar
2020-12-03 23:41:04.121  INFO 19059 --- [restartedMain] .e.DevToolsPropertyDefaultsPostProcessor : Devtools property defaults active! Set 'spring.devtools.add-properties' to 'false' to disable
2020-12-03 23:41:04.121  INFO 19059 --- [restartedMain] .e.DevToolsPropertyDefaultsPostProcessor : For additional web related logging consider setting the 'logging.level.web' property to 'DEBUG'
2020-12-03 23:41:04.713  INFO 19059 --- [restartedMain] .s.d.r.c.RepositoryConfigurationDelegate : Bootstrapping Spring Data JPA repositories in DEFERRED mode.
2020-12-03 23:41:04.767  INFO 19059 --- [restartedMain] .s.d.r.c.RepositoryConfigurationDelegate : Finished Spring Data repository scanning in 49ms. Found 5 JPA repository interfaces.
2020-12-03 23:41:05.246  INFO 19059 --- [restartedMain] o.s.b.w.embedded.tomcat.TomcatWebServer  : Tomcat initialized with port(s): 8200 (http)
2020-12-03 23:41:05.251  INFO 19059 --- [restartedMain] o.apache.catalina.core.StandardService   : Starting service [Tomcat]
2020-12-03 23:41:05.252  INFO 19059 --- [restartedMain] org.apache.catalina.core.StandardEngine  : Starting Servlet engine: [Apache Tomcat/9.0.37]
2020-12-03 23:41:05.298  INFO 19059 --- [restartedMain] o.a.c.c.C.[.[.[/api/saleSolution]        : Initializing Spring embedded WebApplicationContext
2020-12-03 23:41:05.299  INFO 19059 --- [restartedMain] w.s.c.ServletWebServerApplicationContext : Root WebApplicationContext: initialization completed in 1178 ms
2020-12-03 23:41:05.438  INFO 19059 --- [restartedMain] o.s.s.concurrent.ThreadPoolTaskExecutor  : Initializing ExecutorService 'applicationTaskExecutor'
2020-12-03 23:41:05.466  INFO 19059 --- [task-1] o.hibernate.jpa.internal.util.LogHelper  : HHH000204: Processing PersistenceUnitInfo [name: default]
2020-12-03 23:41:05.493  INFO 19059 --- [task-1] org.hibernate.Version                    : HHH000412: Hibernate ORM core version 5.4.20.Final
2020-12-03 23:41:05.564  INFO 19059 --- [task-1] o.hibernate.annotations.common.Version   : HCANN000001: Hibernate Commons Annotations {5.1.0.Final}
2020-12-03 23:41:05.684  INFO 19059 --- [task-1] com.zaxxer.hikari.HikariDataSource       : HikariPool-1 - Starting...
2020-12-03 23:41:05.961  INFO 19059 --- [task-1] com.zaxxer.hikari.HikariDataSource       : HikariPool-1 - Start completed.
2020-12-03 23:41:05.969  INFO 19059 --- [task-1] org.hibernate.dialect.Dialect            : HHH000400: Using dialect: org.hibernate.dialect.Oracle12cDialect
2020-12-03 23:41:06.976  INFO 19059 --- [task-1] o.h.e.t.j.p.i.JtaPlatformInitiator       : HHH000490: Using JtaPlatform implementation: [org.hibernate.engine.transaction.jta.platform.internal.NoJtaPlatform]
2020-12-03 23:41:06.982  INFO 19059 --- [task-1] j.LocalContainerEntityManagerFactoryBean : Initialized JPA EntityManagerFactory for persistence unit 'default'
2020-12-03 23:41:07.337  INFO 19059 --- [task-2] o.s.b.d.a.OptionalLiveReloadServer       : LiveReload server is running on port 35729
2020-12-03 23:41:07.385  WARN 19059 --- [restartedMain] JpaBaseConfiguration$JpaWebConfiguration : spring.jpa.open-in-view is enabled by default. Therefore, database queries may be performed during view rendering. Explicitly configure spring.jpa.open-in-view to disable this warning
2020-12-03 23:41:07.763  INFO 19059 --- [restartedMain] o.s.s.web.DefaultSecurityFilterChain     : Creating filter chain: any request, [org.springframework.security.web.context.request.async.WebAsyncManagerIntegrationFilter@137be8a0, org.springframework.security.web.context.SecurityContextPersistenceFilter@4b5d19b7, org.springframework.security.web.header.HeaderWriterFilter@7a8c02f2, org.springframework.web.filter.CorsFilter@2287da53, org.springframework.security.web.authentication.logout.LogoutFilter@3e51225e, com.example.smsdrw.security.AuthenticationFilter@2cfce81e, com.example.smsdrw.security.JwtTokenAuthenticationFilter@956f2, org.springframework.security.web.savedrequest.RequestCacheAwareFilter@5cbfd0c2, org.springframework.security.web.servletapi.SecurityContextHolderAwareRequestFilter@da908a5, org.springframework.security.web.authentication.AnonymousAuthenticationFilter@4cfb80bb, org.springframework.security.web.session.SessionManagementFilter@7e1d0f51, org.springframework.security.web.access.ExceptionTranslationFilter@5a7f413b, org.springframework.security.web.access.intercept.FilterSecurityInterceptor@73f6a9be]
2020-12-03 23:41:07.813  INFO 19059 --- [restartedMain] pertySourcedRequestMappingHandlerMapping : Mapped URL path [/v2/api-docs] onto method [springfox.documentation.swagger2.web.Swagger2Controller#getDocumentation(String, HttpServletRequest)]
2020-12-03 23:41:08.200  INFO 19059 --- [restartedMain] o.s.b.w.embedded.tomcat.TomcatWebServer  : Tomcat started on port(s): 8200 (http) with context path '/api/saleSolution'
2020-12-03 23:41:08.201  INFO 19059 --- [restartedMain] d.s.w.p.DocumentationPluginsBootstrapper : Context refreshed
2020-12-03 23:41:08.212  INFO 19059 --- [restartedMain] d.s.w.p.DocumentationPluginsBootstrapper : Found 1 custom documentation plugin(s)
2020-12-03 23:41:08.251  INFO 19059 --- [restartedMain] s.d.s.w.s.ApiListingReferenceScanner     : Scanning for api listing references
2020-12-03 23:41:08.360  INFO 19059 --- [restartedMain] .d.s.w.r.o.CachingOperationNameGenerator : Generating unique operation named: deleteUsingDELETE_1
2020-12-03 23:41:08.361  INFO 19059 --- [restartedMain] .d.s.w.r.o.CachingOperationNameGenerator : Generating unique operation named: getUsingGET_1
2020-12-03 23:41:08.362  INFO 19059 --- [restartedMain] .d.s.w.r.o.CachingOperationNameGenerator : Generating unique operation named: listUsingGET_1
2020-12-03 23:41:08.364  INFO 19059 --- [restartedMain] .d.s.w.r.o.CachingOperationNameGenerator : Generating unique operation named: postUsingPOST_1
2020-12-03 23:41:08.367  INFO 19059 --- [restartedMain] .d.s.w.r.o.CachingOperationNameGenerator : Generating unique operation named: putUsingPUT_1
2020-12-03 23:41:08.369  INFO 19059 --- [restartedMain] .d.s.w.r.o.CachingOperationNameGenerator : Generating unique operation named: deleteUsingDELETE_2
2020-12-03 23:41:08.370  INFO 19059 --- [restartedMain] .d.s.w.r.o.CachingOperationNameGenerator : Generating unique operation named: getUsingGET_2
2020-12-03 23:41:08.371  INFO 19059 --- [restartedMain] .d.s.w.r.o.CachingOperationNameGenerator : Generating unique operation named: listUsingGET_2
2020-12-03 23:41:08.373  INFO 19059 --- [restartedMain] .d.s.w.r.o.CachingOperationNameGenerator : Generating unique operation named: postUsingPOST_2
2020-12-03 23:41:08.376  INFO 19059 --- [restartedMain] .d.s.w.r.o.CachingOperationNameGenerator : Generating unique operation named: putUsingPUT_2
2020-12-03 23:41:08.379  INFO 19059 --- [restartedMain] .d.s.w.r.o.CachingOperationNameGenerator : Generating unique operation named: deleteUsingDELETE_3
2020-12-03 23:41:08.380  INFO 19059 --- [restartedMain] .d.s.w.r.o.CachingOperationNameGenerator : Generating unique operation named: getUsingGET_3
2020-12-03 23:41:08.380  INFO 19059 --- [restartedMain] .d.s.w.r.o.CachingOperationNameGenerator : Generating unique operation named: listUsingGET_3
2020-12-03 23:41:08.383  INFO 19059 --- [restartedMain] .d.s.w.r.o.CachingOperationNameGenerator : Generating unique operation named: postUsingPOST_3
2020-12-03 23:41:08.386  INFO 19059 --- [restartedMain] .d.s.w.r.o.CachingOperationNameGenerator : Generating unique operation named: putUsingPUT_3
2020-12-03 23:41:08.388  INFO 19059 --- [restartedMain] .d.s.w.r.o.CachingOperationNameGenerator : Generating unique operation named: deleteUsingDELETE_4
2020-12-03 23:41:08.389  INFO 19059 --- [restartedMain] .d.s.w.r.o.CachingOperationNameGenerator : Generating unique operation named: getUsingGET_4
2020-12-03 23:41:08.391  INFO 19059 --- [restartedMain] .d.s.w.r.o.CachingOperationNameGenerator : Generating unique operation named: listUsingGET_4
2020-12-03 23:41:08.395  INFO 19059 --- [restartedMain] .d.s.w.r.o.CachingOperationNameGenerator : Generating unique operation named: postUsingPOST_4
2020-12-03 23:41:08.399  INFO 19059 --- [restartedMain] .d.s.w.r.o.CachingOperationNameGenerator : Generating unique operation named: putUsingPUT_4
2020-12-03 23:41:08.408  INFO 19059 --- [restartedMain] DeferredRepositoryInitializationListener : Triggering deferred initialization of Spring Data repositories…
2020-12-03 23:41:08.409  INFO 19059 --- [restartedMain] DeferredRepositoryInitializationListener : Spring Data repositories initialized!
2020-12-03 23:41:08.415  INFO 19059 --- [restartedMain] com.example.smsdrw.SmsDrwApplication     : Started SmsDrwApplication in 4.604 seconds (JVM running for 6.075)
2020-12-03 23:41:08.417  INFO 19059 --- [Timer-1] com.example.smsdrw.cronjob.TrackingJob   : Cron job entered
2020-12-03 23:41:17.723  INFO 19059 --- [Thread-10] j.LocalContainerEntityManagerFactoryBean : Closing JPA EntityManagerFactory for persistence unit 'default'
2020-12-03 23:41:17.725  INFO 19059 --- [Thread-10] o.s.s.concurrent.ThreadPoolTaskExecutor  : Shutting down ExecutorService 'applicationTaskExecutor'
2020-12-03 23:41:17.726  INFO 19059 --- [Thread-10] com.zaxxer.hikari.HikariDataSource       : HikariPool-1 - Shutdown initiated...
2020-12-03 23:41:17.749  INFO 19059 --- [Thread-10] com.zaxxer.hikari.HikariDataSource       : HikariPool-1 - Shutdown completed.
2020-12-03 23:41:17.910  INFO 19059 --- [restartedMain] com.example.smsdrw.SmsDrwApplication     : Starting SmsDrwApplication on Pannaporns-MBP.ST-244F with PID 19059 (/Users/pannaporn/Documents/InnoLab/sale-solution/target/classes started by pannaporn in /Users/pannaporn/Documents/InnoLab/sale-solution)
2020-12-03 23:41:17.911  INFO 19059 --- [restartedMain] com.example.smsdrw.SmsDrwApplication     : No active profile set, falling back to default profiles: default
2020-12-03 23:41:18.113  INFO 19059 --- [restartedMain] .s.d.r.c.RepositoryConfigurationDelegate : Bootstrapping Spring Data JPA repositories in DEFERRED mode.
2020-12-03 23:41:18.130  INFO 19059 --- [restartedMain] .s.d.r.c.RepositoryConfigurationDelegate : Finished Spring Data repository scanning in 16ms. Found 5 JPA repository interfaces.
2020-12-03 23:41:18.226  INFO 19059 --- [restartedMain] o.s.b.w.embedded.tomcat.TomcatWebServer  : Tomcat initialized with port(s): 8200 (http)
2020-12-03 23:41:18.227  INFO 19059 --- [restartedMain] o.apache.catalina.core.StandardService   : Starting service [Tomcat]
2020-12-03 23:41:18.227  INFO 19059 --- [restartedMain] org.apache.catalina.core.StandardEngine  : Starting Servlet engine: [Apache Tomcat/9.0.37]
2020-12-03 23:41:18.233  INFO 19059 --- [restartedMain] o.a.c.c.C.[.[.[/api/saleSolution]        : Initializing Spring embedded WebApplicationContext
2020-12-03 23:41:18.233  INFO 19059 --- [restartedMain] w.s.c.ServletWebServerApplicationContext : Root WebApplicationContext: initialization completed in 320 ms
2020-12-03 23:41:18.274  INFO 19059 --- [restartedMain] o.s.s.concurrent.ThreadPoolTaskExecutor  : Initializing ExecutorService 'applicationTaskExecutor'
2020-12-03 23:41:18.279  INFO 19059 --- [task-1] o.hibernate.jpa.internal.util.LogHelper  : HHH000204: Processing PersistenceUnitInfo [name: default]
2020-12-03 23:41:18.285  INFO 19059 --- [task-1] com.zaxxer.hikari.HikariDataSource       : HikariPool-2 - Starting...
2020-12-03 23:41:18.320  INFO 19059 --- [task-1] com.zaxxer.hikari.HikariDataSource       : HikariPool-2 - Start completed.
2020-12-03 23:41:18.320  INFO 19059 --- [task-1] org.hibernate.dialect.Dialect            : HHH000400: Using dialect: org.hibernate.dialect.Oracle12cDialect
2020-12-03 23:41:18.854  INFO 19059 --- [task-1] o.h.e.t.j.p.i.JtaPlatformInitiator       : HHH000490: Using JtaPlatform implementation: [org.hibernate.engine.transaction.jta.platform.internal.NoJtaPlatform]
2020-12-03 23:41:18.854  INFO 19059 --- [task-1] j.LocalContainerEntityManagerFactoryBean : Initialized JPA EntityManagerFactory for persistence unit 'default'
2020-12-03 23:41:18.984  INFO 19059 --- [task-2] o.s.b.d.a.OptionalLiveReloadServer       : LiveReload server is running on port 35729
2020-12-03 23:41:19.004  WARN 19059 --- [restartedMain] JpaBaseConfiguration$JpaWebConfiguration : spring.jpa.open-in-view is enabled by default. Therefore, database queries may be performed during view rendering. Explicitly configure spring.jpa.open-in-view to disable this warning
2020-12-03 23:41:19.111  INFO 19059 --- [restartedMain] o.s.s.web.DefaultSecurityFilterChain     : Creating filter chain: any request, [org.springframework.security.web.context.request.async.WebAsyncManagerIntegrationFilter@1ebe786a, org.springframework.security.web.context.SecurityContextPersistenceFilter@34a9a709, org.springframework.security.web.header.HeaderWriterFilter@29944013, org.springframework.web.filter.CorsFilter@48e3df67, org.springframework.security.web.authentication.logout.LogoutFilter@57bb6c9b, com.example.smsdrw.security.AuthenticationFilter@43716b24, com.example.smsdrw.security.JwtTokenAuthenticationFilter@1ca73ced, org.springframework.security.web.savedrequest.RequestCacheAwareFilter@57607260, org.springframework.security.web.servletapi.SecurityContextHolderAwareRequestFilter@5c7f3447, org.springframework.security.web.authentication.AnonymousAuthenticationFilter@71b77a3b, org.springframework.security.web.session.SessionManagementFilter@3ae3e09, org.springframework.security.web.access.ExceptionTranslationFilter@51265185, org.springframework.security.web.access.intercept.FilterSecurityInterceptor@9face61]
2020-12-03 23:41:19.117  INFO 19059 --- [restartedMain] pertySourcedRequestMappingHandlerMapping : Mapped URL path [/v2/api-docs] onto method [springfox.documentation.swagger2.web.Swagger2Controller#getDocumentation(String, HttpServletRequest)]
2020-12-03 23:41:19.203  INFO 19059 --- [restartedMain] o.s.b.w.embedded.tomcat.TomcatWebServer  : Tomcat started on port(s): 8200 (http) with context path '/api/saleSolution'
2020-12-03 23:41:19.203  INFO 19059 --- [restartedMain] d.s.w.p.DocumentationPluginsBootstrapper : Context refreshed
2020-12-03 23:41:19.205  INFO 19059 --- [restartedMain] d.s.w.p.DocumentationPluginsBootstrapper : Found 1 custom documentation plugin(s)
2020-12-03 23:41:19.217  INFO 19059 --- [restartedMain] s.d.s.w.s.ApiListingReferenceScanner     : Scanning for api listing references
2020-12-03 23:41:19.244  INFO 19059 --- [restartedMain] .d.s.w.r.o.CachingOperationNameGenerator : Generating unique operation named: deleteUsingDELETE_1
2020-12-03 23:41:19.245  INFO 19059 --- [restartedMain] .d.s.w.r.o.CachingOperationNameGenerator : Generating unique operation named: getUsingGET_1
2020-12-03 23:41:19.246  INFO 19059 --- [restartedMain] .d.s.w.r.o.CachingOperationNameGenerator : Generating unique operation named: listUsingGET_1
2020-12-03 23:41:19.248  INFO 19059 --- [restartedMain] .d.s.w.r.o.CachingOperationNameGenerator : Generating unique operation named: postUsingPOST_1
2020-12-03 23:41:19.250  INFO 19059 --- [restartedMain] .d.s.w.r.o.CachingOperationNameGenerator : Generating unique operation named: putUsingPUT_1
2020-12-03 23:41:19.252  INFO 19059 --- [restartedMain] .d.s.w.r.o.CachingOperationNameGenerator : Generating unique operation named: deleteUsingDELETE_2
2020-12-03 23:41:19.252  INFO 19059 --- [restartedMain] .d.s.w.r.o.CachingOperationNameGenerator : Generating unique operation named: getUsingGET_2
2020-12-03 23:41:19.253  INFO 19059 --- [restartedMain] .d.s.w.r.o.CachingOperationNameGenerator : Generating unique operation named: listUsingGET_2
2020-12-03 23:41:19.256  INFO 19059 --- [restartedMain] .d.s.w.r.o.CachingOperationNameGenerator : Generating unique operation named: postUsingPOST_2
2020-12-03 23:41:19.258  INFO 19059 --- [restartedMain] .d.s.w.r.o.CachingOperationNameGenerator : Generating unique operation named: putUsingPUT_2
2020-12-03 23:41:19.259  INFO 19059 --- [restartedMain] .d.s.w.r.o.CachingOperationNameGenerator : Generating unique operation named: deleteUsingDELETE_3
2020-12-03 23:41:19.260  INFO 19059 --- [restartedMain] .d.s.w.r.o.CachingOperationNameGenerator : Generating unique operation named: getUsingGET_3
2020-12-03 23:41:19.261  INFO 19059 --- [restartedMain] .d.s.w.r.o.CachingOperationNameGenerator : Generating unique operation named: listUsingGET_3
2020-12-03 23:41:19.263  INFO 19059 --- [restartedMain] .d.s.w.r.o.CachingOperationNameGenerator : Generating unique operation named: postUsingPOST_3
2020-12-03 23:41:19.265  INFO 19059 --- [restartedMain] .d.s.w.r.o.CachingOperationNameGenerator : Generating unique operation named: putUsingPUT_3
2020-12-03 23:41:19.267  INFO 19059 --- [restartedMain] .d.s.w.r.o.CachingOperationNameGenerator : Generating unique operation named: deleteUsingDELETE_4
2020-12-03 23:41:19.268  INFO 19059 --- [restartedMain] .d.s.w.r.o.CachingOperationNameGenerator : Generating unique operation named: getUsingGET_4
2020-12-03 23:41:19.270  INFO 19059 --- [restartedMain] .d.s.w.r.o.CachingOperationNameGenerator : Generating unique operation named: listUsingGET_4
2020-12-03 23:41:19.274  INFO 19059 --- [restartedMain] .d.s.w.r.o.CachingOperationNameGenerator : Generating unique operation named: postUsingPOST_4
2020-12-03 23:41:19.277  INFO 19059 --- [restartedMain] .d.s.w.r.o.CachingOperationNameGenerator : Generating unique operation named: putUsingPUT_4
2020-12-03 23:41:19.279  INFO 19059 --- [restartedMain] DeferredRepositoryInitializationListener : Triggering deferred initialization of Spring Data repositories…
2020-12-03 23:41:19.280  INFO 19059 --- [restartedMain] DeferredRepositoryInitializationListener : Spring Data repositories initialized!
2020-12-03 23:41:19.283  INFO 19059 --- [restartedMain] com.example.smsdrw.SmsDrwApplication     : Started SmsDrwApplication in 1.399 seconds (JVM running for 16.943)
2020-12-03 23:41:19.284  INFO 19059 --- [Timer-2] com.example.smsdrw.cronjob.TrackingJob   : Cron job entered
2020-12-03 23:41:19.286  INFO 19059 --- [restartedMain] .ConditionEvaluationDeltaLoggingListener : Condition evaluation unchanged
2020-12-03 23:41:46.940  INFO 19059 --- [Thread-20] j.LocalContainerEntityManagerFactoryBean : Closing JPA EntityManagerFactory for persistence unit 'default'
2020-12-03 23:41:46.941  INFO 19059 --- [Thread-20] o.s.s.concurrent.ThreadPoolTaskExecutor  : Shutting down ExecutorService 'applicationTaskExecutor'
2020-12-03 23:41:46.942  INFO 19059 --- [Thread-20] com.zaxxer.hikari.HikariDataSource       : HikariPool-2 - Shutdown initiated...
2020-12-03 23:41:46.973  INFO 19059 --- [Thread-20] com.zaxxer.hikari.HikariDataSource       : HikariPool-2 - Shutdown completed.
